

================================================================
== Vitis HLS Report for 'cordiccart2pol'
================================================================
* Date:           Thu Oct 23 20:19:46 2025

* Version:        2024.2.2 (Build 6049644 on Mar  5 2025)
* Project:        cordiccart2pol.comp
* Solution:       hls (Vivado IP Flow Target)
* Product family: zynq
* Target device:  xc7z020-clg400-1


================================================================
== Performance Estimates
================================================================
+ Timing: 
    * Summary: 
    +--------+----------+----------+------------+
    |  Clock |  Target  | Estimated| Uncertainty|
    +--------+----------+----------+------------+
    |ap_clk  |  10.00 ns|  6.154 ns|     2.70 ns|
    +--------+----------+----------+------------+

+ Latency: 
    * Summary: 
    +---------+---------+----------+----------+-----+-----+---------+
    |  Latency (cycles) |  Latency (absolute) |  Interval | Pipeline|
    |   min   |   max   |    min   |    max   | min | max |   Type  |
    +---------+---------+----------+----------+-----+-----+---------+
    |       44|       44|  0.440 us|  0.440 us|   45|   45|       no|
    +---------+---------+----------+----------+-----+-----+---------+

    + Detail: 
        * Instance: 
        +----------------------------------------------------+-----------------------------------------+---------+---------+----------+----------+-----+-----+------------------------------------------------+
        |                                                    |                                         |  Latency (cycles) |  Latency (absolute) |  Interval |                    Pipeline                    |
        |                      Instance                      |                  Module                 |   min   |   max   |    min   |    max   | min | max |                      Type                      |
        +----------------------------------------------------+-----------------------------------------+---------+---------+----------+----------+-----+-----+------------------------------------------------+
        |grp_cordiccart2pol_Pipeline_VITIS_LOOP_17_1_fu_100  |cordiccart2pol_Pipeline_VITIS_LOOP_17_1  |       41|       41|  0.410 us|  0.410 us|   40|   40|  loop auto-rewind stp (delay=0 clock cycles(s))|
        +----------------------------------------------------+-----------------------------------------+---------+---------+----------+----------+-----+-----+------------------------------------------------+

        * Loop: 
        N/A



================================================================
== Utilization Estimates
================================================================
* Summary: 
+-----------------+---------+-----+--------+-------+-----+
|       Name      | BRAM_18K| DSP |   FF   |  LUT  | URAM|
+-----------------+---------+-----+--------+-------+-----+
|DSP              |        -|    -|       -|      -|    -|
|Expression       |        -|    -|       0|     76|    -|
|FIFO             |        -|    -|       -|      -|    -|
|Instance         |        0|    1|     106|    302|    -|
|Memory           |        -|    -|       -|      -|    -|
|Multiplexer      |        -|    -|       0|     25|    -|
|Register         |        -|    -|      55|      -|    -|
+-----------------+---------+-----+--------+-------+-----+
|Total            |        0|    1|     161|    403|    0|
+-----------------+---------+-----+--------+-------+-----+
|Available        |      280|  220|  106400|  53200|    0|
+-----------------+---------+-----+--------+-------+-----+
|Utilization (%)  |        0|   ~0|      ~0|     ~0|    0|
+-----------------+---------+-----+--------+-------+-----+

+ Detail: 
    * Instance: 
    +----------------------------------------------------+-----------------------------------------+---------+----+-----+-----+-----+
    |                      Instance                      |                  Module                 | BRAM_18K| DSP|  FF | LUT | URAM|
    +----------------------------------------------------+-----------------------------------------+---------+----+-----+-----+-----+
    |grp_cordiccart2pol_Pipeline_VITIS_LOOP_17_1_fu_100  |cordiccart2pol_Pipeline_VITIS_LOOP_17_1  |        0|   0|  106|  287|    0|
    |mul_12s_10ns_21_1_1_U7                              |mul_12s_10ns_21_1_1                      |        0|   1|    0|    6|    0|
    |sparsemux_7_2_12_1_1_U6                             |sparsemux_7_2_12_1_1                     |        0|   0|    0|    9|    0|
    +----------------------------------------------------+-----------------------------------------+---------+----+-----+-----+-----+
    |Total                                               |                                         |        0|   1|  106|  302|    0|
    +----------------------------------------------------+-----------------------------------------+---------+----+-----+-----+-----+

    * DSP: 
    N/A

    * Memory: 
    N/A

    * FIFO: 
    N/A

    * Expression: 
    +-----------------------+----------+----+---+----+------------+------------+
    |     Variable Name     | Operation| DSP| FF| LUT| Bitwidth P0| Bitwidth P1|
    +-----------------------+----------+----+---+----+------------+------------+
    |current_x_fu_117_p2    |         -|   0|  0|  12|           1|          12|
    |theta_base_fu_180_p2   |         -|   0|  0|  12|          11|          12|
    |theta_base_fu_180_p6   |         -|   0|  0|  12|          12|          12|
    |and_ln29_fu_163_p2     |       and|   0|  0|   2|           1|           1|
    |icmp_ln14_fu_111_p2    |      icmp|   0|  0|  12|          12|           1|
    |icmp_ln29_fu_139_p2    |      icmp|   0|  0|  12|          12|           1|
    |current_x_1_fu_123_p3  |    select|   0|  0|  12|           1|          12|
    |xor_ln29_fu_167_p2     |       xor|   0|  0|   2|           1|           2|
    +-----------------------+----------+----+---+----+------------+------------+
    |Total                  |          |   0|  0|  76|          51|          53|
    +-----------------------+----------+----+---+----+------------+------------+

    * Multiplexer: 
    +-----------+----+-----------+-----+-----------+
    |    Name   | LUT| Input Size| Bits| Total Bits|
    +-----------+----+-----------+-----+-----------+
    |ap_NS_fsm  |  25|          5|    1|          5|
    +-----------+----+-----------+-----+-----------+
    |Total      |  25|          5|    1|          5|
    +-----------+----+-----------+-----+-----------+

    * Register: 
    +-----------------------------------------------------------------+----+----+-----+-----------+
    |                               Name                              | FF | LUT| Bits| Const Bits|
    +-----------------------------------------------------------------+----+----+-----+-----------+
    |ap_CS_fsm                                                        |   4|   0|    4|          0|
    |current_x_1_reg_234                                              |  12|   0|   12|          0|
    |current_x_3_loc_fu_70                                            |  12|   0|   12|          0|
    |grp_cordiccart2pol_Pipeline_VITIS_LOOP_17_1_fu_100_ap_start_reg  |   1|   0|    1|          0|
    |icmp_ln29_reg_250                                                |   1|   0|    1|          0|
    |theta_base_2_loc_fu_66                                           |  12|   0|   12|          0|
    |tmp_reg_239                                                      |   1|   0|    1|          0|
    |y_read_reg_245                                                   |  12|   0|   12|          0|
    +-----------------------------------------------------------------+----+----+-----+-----------+
    |Total                                                            |  55|   0|   55|          0|
    +-----------------------------------------------------------------+----+----+-----+-----------+



================================================================
== Interface
================================================================
* Summary: 
+--------------+-----+-----+------------+----------------+--------------+
|   RTL Ports  | Dir | Bits|  Protocol  |  Source Object |    C Type    |
+--------------+-----+-----+------------+----------------+--------------+
|ap_clk        |   in|    1|  ap_ctrl_hs|  cordiccart2pol|  return value|
|ap_rst        |   in|    1|  ap_ctrl_hs|  cordiccart2pol|  return value|
|ap_start      |   in|    1|  ap_ctrl_hs|  cordiccart2pol|  return value|
|ap_done       |  out|    1|  ap_ctrl_hs|  cordiccart2pol|  return value|
|ap_idle       |  out|    1|  ap_ctrl_hs|  cordiccart2pol|  return value|
|ap_ready      |  out|    1|  ap_ctrl_hs|  cordiccart2pol|  return value|
|x             |   in|   12|     ap_none|               x|        scalar|
|y             |   in|   12|     ap_none|               y|        scalar|
|r             |  out|   12|      ap_vld|               r|       pointer|
|r_ap_vld      |  out|    1|      ap_vld|               r|       pointer|
|theta         |  out|   12|      ap_vld|           theta|       pointer|
|theta_ap_vld  |  out|    1|      ap_vld|           theta|       pointer|
+--------------+-----+-----+------------+----------------+--------------+

